Traceback (most recent call last):
Traceback (most recent call last):
  File "/home/abd/exp_ws/src/crazyswarm2/build/crazyflie_examples/ament_cmake_python/crazyflie_examples/setup.py", line 1, in <module>
  File "/home/abd/exp_ws/src/crazyswarm2/build/crazyflie_examples/ament_cmake_python/crazyflie_examples/setup.py", line 1, in <module>
    from setuptools import find_packages
  File "/home/abd/.local/lib/python3.10/site-packages/setuptools/__init__.py", line 16, in <module>
    from setuptools import find_packages
  File "/home/abd/.local/lib/python3.10/site-packages/setuptools/__init__.py", line 18, in <module>
    from setuptools.dist import Distribution
    import setuptools.version
  File "/home/abd/.local/lib/python3.10/site-packages/setuptools/dist.py", line 18, in <module>
  File "/home/abd/.local/lib/python3.10/site-packages/setuptools/version.py", line 1, in <module>
    import pkg_resources
  File "/home/abd/.local/lib/python3.10/site-packages/pkg_resources/__init__.py", line 3243, in <module>
    from glob import iglob
  File "<frozen importlib._bootstrap>", line 1027, in _find_and_load
  File "<frozen importlib._bootstrap>", line 1002, in _find_and_load_unlocked
  File "<frozen importlib._bootstrap>", line 945, in _find_spec
  File "<frozen importlib._bootstrap_external>", line 1439, in find_spec
  File "<frozen importlib._bootstrap_external>", line 1411, in _get_spec
  File "<frozen importlib._bootstrap_external>", line 1544, in find_spec
  File "<frozen importlib._bootstrap_external>", line 147, in _path_stat
    def _initialize_master_working_set():
  File "/home/abd/.local/lib/python3.10/site-packages/pkg_resources/__init__.py", line 3226, in _call_aside
KeyboardInterrupt
    f(*args, **kwargs)
  File "/home/abd/.local/lib/python3.10/site-packages/pkg_resources/__init__.py", line 3255, in _initialize_master_working_set
    working_set = WorkingSet._build_master()
  File "/home/abd/.local/lib/python3.10/site-packages/pkg_resources/__init__.py", line 559, in _build_master
    ws = cls()
  File "/home/abd/.local/lib/python3.10/site-packages/pkg_resources/__init__.py", line 552, in __init__
    self.add_entry(entry)
  File "/home/abd/.local/lib/python3.10/site-packages/pkg_resources/__init__.py", line 608, in add_entry
    for dist in find_distributions(entry, True):
  File "/home/abd/.local/lib/python3.10/site-packages/pkg_resources/__init__.py", line 2063, in find_on_path
    for dist in factory(fullpath):
  File "/home/abd/.local/lib/python3.10/site-packages/pkg_resources/__init__.py", line 2128, in distributions_from_metadata
    yield Distribution.from_location(
  File "/home/abd/.local/lib/python3.10/site-packages/pkg_resources/__init__.py", line 2591, in from_location
    )._reload_version()
  File "/home/abd/.local/lib/python3.10/site-packages/pkg_resources/__init__.py", line 2989, in _reload_version
    md_version = self._get_version()
  File "/home/abd/.local/lib/python3.10/site-packages/pkg_resources/__init__.py", line 2770, in _get_version
    version = _version_from_file(lines)
  File "/home/abd/.local/lib/python3.10/site-packages/pkg_resources/__init__.py", line 2554, in _version_from_file
    line = next(iter(version_lines), '')
  File "/home/abd/.local/lib/python3.10/site-packages/pkg_resources/__init__.py", line 2764, in _get_metadata
    if self.has_metadata(name):
  File "/home/abd/.local/lib/python3.10/site-packages/pkg_resources/__init__.py", line 2810, in __getattr__
    def __getattr__(self, attr):
KeyboardInterrupt
gmake[2]: *** [CMakeFiles/ament_cmake_python_build_crazyflie_examples_egg.dir/build.make:70: CMakeFiles/ament_cmake_python_build_crazyflie_examples_egg] Interrupt
gmake[1]: *** [CMakeFiles/Makefile2:194: CMakeFiles/ament_cmake_python_build_crazyflie_examples_egg.dir/all] Interrupt
gmake[2]: *** [CMakeFiles/ament_cmake_python_build_crazyflie_examples_scripts.dir/build.make:70: CMakeFiles/ament_cmake_python_build_crazyflie_examples_scripts] Interrupt
gmake[1]: *** [CMakeFiles/Makefile2:221: CMakeFiles/ament_cmake_python_build_crazyflie_examples_scripts.dir/all] Interrupt
gmake: *** [Makefile:146: all] Interrupt
